<?xml version="1.0" encoding="UTF-8"?>
<testng-results skipped="0" failed="0" total="1" passed="1">
  <reporter-output>
  </reporter-output>
  <suite name="TestReport" duration-ms="19235" started-at="2015-09-27T03:46:14Z" finished-at="2015-09-27T03:46:33Z">
    <groups>
    </groups>
    <test name="TestSuites" duration-ms="19235" started-at="2015-09-27T03:46:14Z" finished-at="2015-09-27T03:46:33Z">
      <class name="cn.ibm.testng.Template">
        <test-method status="PASS" signature="testBefore()[pri:0, instance:cn.ibm.testng.Template@4ba2fc31]" name="testBefore" is-config="true" duration-ms="2851" started-at="2015-09-27T11:46:14Z" finished-at="2015-09-27T11:46:17Z">
          <reporter-output>
          </reporter-output>
        </test-method> <!-- testBefore -->
        <test-method status="PASS" signature="launchDevice()[pri:0, instance:cn.ibm.testng.Template@4ba2fc31]" name="launchDevice" duration-ms="10844" started-at="2015-09-27T11:46:17Z" finished-at="2015-09-27T11:46:28Z">
          <reporter-output>
          </reporter-output>
        </test-method> <!-- launchDevice -->
        <test-method status="PASS" signature="cleanEnv()[pri:0, instance:cn.ibm.testng.Template@4ba2fc31]" name="cleanEnv" is-config="true" duration-ms="5524" started-at="2015-09-27T11:46:28Z" finished-at="2015-09-27T11:46:33Z">
          <reporter-output>
          </reporter-output>
        </test-method> <!-- cleanEnv -->
      </class> <!-- cn.ibm.testng.Template -->
    </test> <!-- TestSuites -->
  </suite> <!-- TestReport -->
</testng-results>
